1736527370496	geckodriver	INFO	Listening on 127.0.0.1:55329
1736527373543	mozrunner::runner	INFO	Running command: "C:\\Program Files\\Mozilla Firefox\\firefox.exe" "--marionette" "--width=800" "--height=700" "--remote-debu ... 0" "--remote-allow-hosts" "localhost" "-no-remote" "-profile" "C:\\Users\\Aloos\\AppData\\Local\\Temp\\rust_mozprofileWqMc6u"
console.warn: services.settings: Ignoring preference override of remote settings server
console.warn: services.settings: Allow by setting MOZ_REMOTE_SETTINGS_DEVTOOLS=1 in the environment
Dynamically enable window occlusion 0
1736527374095	Marionette	INFO	Marionette enabled
console.error: "Warning: unrecognized command line flag" "-width"
console.error: "Warning: unrecognized command line flag" "-height"
1736527374249	Marionette	INFO	Listening on port 55339
WebDriver BiDi listening on ws://127.0.0.1:55330
Read port: 55339
1736527374411	RemoteAgent	WARN	TLS certificate errors will be ignored for this session
JavaScript warning: https://pagead2.googlesyndication.com/bg/xhloPt0V3HYDZqxMOCNqLI9Qa0-bNWhyd5ULBccPyWM.js line 2 > eval line 571 > eval line 1 > eval line 1 > eval, line 1: WEBGL_debug_renderer_info is deprecated in Firefox and will be removed. Please use RENDERER.
JavaScript warning: https://pagead2.googlesyndication.com/bg/xhloPt0V3HYDZqxMOCNqLI9Qa0-bNWhyd5ULBccPyWM.js line 2 > eval line 5589 > eval line 1 > eval line 1 > eval, line 1: WEBGL_debug_renderer_info is deprecated in Firefox and will be removed. Please use RENDERER.
JavaScript warning: https://pagead2.googlesyndication.com/bg/xhloPt0V3HYDZqxMOCNqLI9Qa0-bNWhyd5ULBccPyWM.js line 2 > eval line 3978 > eval line 1 > eval line 1 > eval, line 1: WEBGL_debug_renderer_info is deprecated in Firefox and will be removed. Please use RENDERER.
JavaScript warning: https://pagead2.googlesyndication.com/bg/xhloPt0V3HYDZqxMOCNqLI9Qa0-bNWhyd5ULBccPyWM.js line 2 > eval line 5916 > eval line 1 > eval line 1 > eval, line 1: WEBGL_debug_renderer_info is deprecated in Firefox and will be removed. Please use RENDERER.
1736527477604	geckodriver	INFO	Listening on 127.0.0.1:55611
1736527480634	mozrunner::runner	INFO	Running command: "C:\\Program Files\\Mozilla Firefox\\firefox.exe" "--marionette" "--width=800" "--height=700" "--remote-debu ... 2" "--remote-allow-hosts" "localhost" "-no-remote" "-profile" "C:\\Users\\Aloos\\AppData\\Local\\Temp\\rust_mozprofilerOscpu"
console.warn: services.settings: Ignoring preference override of remote settings server
console.warn: services.settings: Allow by setting MOZ_REMOTE_SETTINGS_DEVTOOLS=1 in the environment
Dynamically enable window occlusion 0
1736527481184	Marionette	INFO	Marionette enabled
console.error: "Warning: unrecognized command line flag" "-width"
console.error: "Warning: unrecognized command line flag" "-height"
1736527481326	Marionette	INFO	Listening on port 55620
WebDriver BiDi listening on ws://127.0.0.1:55612
Read port: 55620
1736527481476	RemoteAgent	WARN	TLS certificate errors will be ignored for this session
JavaScript warning: https://pagead2.googlesyndication.com/bg/xhloPt0V3HYDZqxMOCNqLI9Qa0-bNWhyd5ULBccPyWM.js line 2 > eval line 4518 > eval line 1 > eval line 1 > eval, line 1: WEBGL_debug_renderer_info is deprecated in Firefox and will be removed. Please use RENDERER.
Exiting due to channel error.
Exiting due to channel error.
1736527580679	geckodriver	INFO	Listening on 127.0.0.1:55792
1736527583730	mozrunner::runner	INFO	Running command: "C:\\Program Files\\Mozilla Firefox\\firefox.exe" "--marionette" "--width=800" "--height=700" "--remote-debu ... 3" "--remote-allow-hosts" "localhost" "-no-remote" "-profile" "C:\\Users\\Aloos\\AppData\\Local\\Temp\\rust_mozprofilec1pflE"
console.warn: services.settings: Ignoring preference override of remote settings server
console.warn: services.settings: Allow by setting MOZ_REMOTE_SETTINGS_DEVTOOLS=1 in the environment
Dynamically enable window occlusion 0
1736527584101	Marionette	INFO	Marionette enabled
console.error: "Warning: unrecognized command line flag" "-width"
console.error: "Warning: unrecognized command line flag" "-height"
1736527584232	Marionette	INFO	Listening on port 55801
WebDriver BiDi listening on ws://127.0.0.1:55793
Read port: 55801
1736527584393	RemoteAgent	WARN	TLS certificate errors will be ignored for this session
Exiting due to channel error.
Exiting due to channel error.
Exiting due to channel error.
1736527640654	geckodriver	INFO	Listening on 127.0.0.1:55904
1736527643675	mozrunner::runner	INFO	Running command: "C:\\Program Files\\Mozilla Firefox\\firefox.exe" "--marionette" "--width=800" "--height=700" "--remote-debu ... 5" "--remote-allow-hosts" "localhost" "-no-remote" "-profile" "C:\\Users\\Aloos\\AppData\\Local\\Temp\\rust_mozprofileJMsrce"
console.warn: services.settings: Ignoring preference override of remote settings server
console.warn: services.settings: Allow by setting MOZ_REMOTE_SETTINGS_DEVTOOLS=1 in the environment
Dynamically enable window occlusion 0
1736527644092	Marionette	INFO	Marionette enabled
console.error: "Warning: unrecognized command line flag" "-width"
console.error: "Warning: unrecognized command line flag" "-height"
1736527644237	Marionette	INFO	Listening on port 55918
WebDriver BiDi listening on ws://127.0.0.1:55905
Read port: 55918
1736527644430	RemoteAgent	WARN	TLS certificate errors will be ignored for this session
JavaScript warning: https://pagead2.googlesyndication.com/bg/xhloPt0V3HYDZqxMOCNqLI9Qa0-bNWhyd5ULBccPyWM.js line 2 > eval line 7592 > eval line 1 > eval line 1 > eval, line 1: WEBGL_debug_renderer_info is deprecated in Firefox and will be removed. Please use RENDERER.
JavaScript warning: https://pagead2.googlesyndication.com/bg/xhloPt0V3HYDZqxMOCNqLI9Qa0-bNWhyd5ULBccPyWM.js line 2 > eval line 2546 > eval line 1 > eval line 1 > eval, line 1: WEBGL_debug_renderer_info is deprecated in Firefox and will be removed. Please use RENDERER.
JavaScript warning: https://pagead2.googlesyndication.com/bg/xhloPt0V3HYDZqxMOCNqLI9Qa0-bNWhyd5ULBccPyWM.js line 2 > eval line 309 > eval line 1 > eval line 1 > eval, line 1: WEBGL_debug_renderer_info is deprecated in Firefox and will be removed. Please use RENDERER.
JavaScript warning: https://pagead2.googlesyndication.com/bg/xhloPt0V3HYDZqxMOCNqLI9Qa0-bNWhyd5ULBccPyWM.js line 2 > eval line 4291 > eval line 1 > eval line 1 > eval, line 1: WEBGL_debug_renderer_info is deprecated in Firefox and will be removed. Please use RENDERER.
Exiting due to channel error.
Exiting due to channel error.
Exiting due to channel error.
Exiting due to channel error.
1736527697848	geckodriver	INFO	Listening on 127.0.0.1:56043
1736527700899	mozrunner::runner	INFO	Running command: "C:\\Program Files\\Mozilla Firefox\\firefox.exe" "--marionette" "--width=800" "--height=700" "--remote-debu ... 4" "--remote-allow-hosts" "localhost" "-no-remote" "-profile" "C:\\Users\\Aloos\\AppData\\Local\\Temp\\rust_mozprofileksYK8L"
console.warn: services.settings: Ignoring preference override of remote settings server
console.warn: services.settings: Allow by setting MOZ_REMOTE_SETTINGS_DEVTOOLS=1 in the environment
Dynamically enable window occlusion 0
1736527701265	Marionette	INFO	Marionette enabled
console.error: "Warning: unrecognized command line flag" "-width"
console.error: "Warning: unrecognized command line flag" "-height"
1736527701397	Marionette	INFO	Listening on port 56054
WebDriver BiDi listening on ws://127.0.0.1:56044
Read port: 56054
1736527701572	RemoteAgent	WARN	TLS certificate errors will be ignored for this session
JavaScript warning: https://pagead2.googlesyndication.com/bg/xhloPt0V3HYDZqxMOCNqLI9Qa0-bNWhyd5ULBccPyWM.js line 2 > eval line 350 > eval line 1 > eval line 1 > eval, line 1: WEBGL_debug_renderer_info is deprecated in Firefox and will be removed. Please use RENDERER.
JavaScript warning: https://pagead2.googlesyndication.com/bg/xhloPt0V3HYDZqxMOCNqLI9Qa0-bNWhyd5ULBccPyWM.js line 2 > eval line 3683 > eval line 1 > eval line 1 > eval, line 1: WEBGL_debug_renderer_info is deprecated in Firefox and will be removed. Please use RENDERER.
JavaScript warning: https://www.googletagmanager.com/gtag/js?l=dataLayer&id=G-1WEXNS5FFP, line 562: Script terminated by timeout at:
h.Zh@https://www.googletagmanager.com/gtag/js?l=dataLayer&id=G-1WEXNS5FFP:562:64
get@https://www.googletagmanager.com/gtag/js?l=dataLayer&id=G-1WEXNS5FFP:560:119
stop@https://www.googletagmanager.com/gtag/js?l=dataLayer&id=G-1WEXNS5FFP:560:87
h.Gl/c/<@https://www.googletagmanager.com/gtag/js?l=dataLayer&id=G-1WEXNS5FFP:560:410

1736527763836	Marionette	INFO	Stopped listening on port 56054
Dynamically enable window occlusion 1
1736527771888	geckodriver	INFO	Listening on 127.0.0.1:56160
1736527774946	mozrunner::runner	INFO	Running command: "C:\\Program Files\\Mozilla Firefox\\firefox.exe" "--marionette" "--width=800" "--height=700" "--remote-debu ... 1" "--remote-allow-hosts" "localhost" "-no-remote" "-profile" "C:\\Users\\Aloos\\AppData\\Local\\Temp\\rust_mozprofiles3qkCh"
console.warn: services.settings: Ignoring preference override of remote settings server
console.warn: services.settings: Allow by setting MOZ_REMOTE_SETTINGS_DEVTOOLS=1 in the environment
Dynamically enable window occlusion 0
1736527775390	Marionette	INFO	Marionette enabled
console.error: "Warning: unrecognized command line flag" "-width"
console.error: "Warning: unrecognized command line flag" "-height"
1736527775511	Marionette	INFO	Listening on port 56170
WebDriver BiDi listening on ws://127.0.0.1:56161
Read port: 56170
1736527775688	RemoteAgent	WARN	TLS certificate errors will be ignored for this session
JavaScript warning: https://pagead2.googlesyndication.com/bg/xhloPt0V3HYDZqxMOCNqLI9Qa0-bNWhyd5ULBccPyWM.js line 2 > eval line 144 > eval line 1 > eval line 1 > eval, line 1: WEBGL_debug_renderer_info is deprecated in Firefox and will be removed. Please use RENDERER.
JavaScript warning: https://pagead2.googlesyndication.com/bg/xhloPt0V3HYDZqxMOCNqLI9Qa0-bNWhyd5ULBccPyWM.js line 2 > eval line 6609 > eval line 1 > eval line 1 > eval, line 1: WEBGL_debug_renderer_info is deprecated in Firefox and will be removed. Please use RENDERER.
Exiting due to channel error.
Exiting due to channel error.
1736527815247	geckodriver	INFO	Listening on 127.0.0.1:56251
1736527818301	mozrunner::runner	INFO	Running command: "C:\\Program Files\\Mozilla Firefox\\firefox.exe" "--marionette" "--width=800" "--height=700" "--remote-debu ... 2" "--remote-allow-hosts" "localhost" "-no-remote" "-profile" "C:\\Users\\Aloos\\AppData\\Local\\Temp\\rust_mozprofileMeplhY"
console.warn: services.settings: Ignoring preference override of remote settings server
console.warn: services.settings: Allow by setting MOZ_REMOTE_SETTINGS_DEVTOOLS=1 in the environment
Dynamically enable window occlusion 0
1736527818919	Marionette	INFO	Marionette enabled
console.error: "Warning: unrecognized command line flag" "-width"
console.error: "Warning: unrecognized command line flag" "-height"
1736527819066	Marionette	INFO	Listening on port 56270
Read port: 56270
WebDriver BiDi listening on ws://127.0.0.1:56252
1736527819134	RemoteAgent	WARN	TLS certificate errors will be ignored for this session
JavaScript warning: https://pagead2.googlesyndication.com/bg/xhloPt0V3HYDZqxMOCNqLI9Qa0-bNWhyd5ULBccPyWM.js line 2 > eval line 1315 > eval line 1 > eval line 1 > eval, line 1: WEBGL_debug_renderer_info is deprecated in Firefox and will be removed. Please use RENDERER.
JavaScript warning: https://pagead2.googlesyndication.com/bg/xhloPt0V3HYDZqxMOCNqLI9Qa0-bNWhyd5ULBccPyWM.js line 2 > eval line 5026 > eval line 1 > eval line 1 > eval, line 1: WEBGL_debug_renderer_info is deprecated in Firefox and will be removed. Please use RENDERER.
JavaScript warning: https://www.googletagmanager.com/gtag/js?l=dataLayer&id=G-1WEXNS5FFP, line 155: Script terminated by timeout at:
Oc@https://www.googletagmanager.com/gtag/js?l=dataLayer&id=G-1WEXNS5FFP:155:124
Rc@https://www.googletagmanager.com/gtag/js?l=dataLayer&id=G-1WEXNS5FFP:156:37
Dn@https://www.googletagmanager.com/gtag/js?l=dataLayer&id=G-1WEXNS5FFP:341:465
Cn.prototype.flush@https://www.googletagmanager.com/gtag/js?l=dataLayer&id=G-1WEXNS5FFP:345:373
Cn.prototype.push@https://www.googletagmanager.com/gtag/js?l=dataLayer&id=G-1WEXNS5FFP:343:463
vn@https://www.googletagmanager.com/gtag/js?l=dataLayer&id=G-1WEXNS5FFP:340:766
YJ/<@https://www.googletagmanager.com/gtag/js?l=dataLayer&id=G-1WEXNS5FFP:621:187
h.Gl/<@https://www.googletagmanager.com/gtag/js?l=dataLayer&id=G-1WEXNS5FFP:561:126
h.Gl/c/<@https://www.googletagmanager.com/gtag/js?l=dataLayer&id=G-1WEXNS5FFP:560:418

1736527878331	Marionette	INFO	Stopped listening on port 56270
Dynamically enable window occlusion 1
1736527883628	geckodriver	INFO	Listening on 127.0.0.1:56394
1736527886695	mozrunner::runner	INFO	Running command: "C:\\Program Files\\Mozilla Firefox\\firefox.exe" "--marionette" "--width=800" "--height=700" "--remote-debu ... 5" "--remote-allow-hosts" "localhost" "-no-remote" "-profile" "C:\\Users\\Aloos\\AppData\\Local\\Temp\\rust_mozprofilemoWlD7"
console.warn: services.settings: Ignoring preference override of remote settings server
console.warn: services.settings: Allow by setting MOZ_REMOTE_SETTINGS_DEVTOOLS=1 in the environment
Dynamically enable window occlusion 0
1736527887132	Marionette	INFO	Marionette enabled
console.error: "Warning: unrecognized command line flag" "-width"
console.error: "Warning: unrecognized command line flag" "-height"
1736527887347	Marionette	INFO	Listening on port 56405
WebDriver BiDi listening on ws://127.0.0.1:56395
Read port: 56405
1736527887488	RemoteAgent	WARN	TLS certificate errors will be ignored for this session
JavaScript warning: https://pagead2.googlesyndication.com/bg/xhloPt0V3HYDZqxMOCNqLI9Qa0-bNWhyd5ULBccPyWM.js line 2 > eval line 5604 > eval line 1 > eval line 1 > eval, line 1: WEBGL_debug_renderer_info is deprecated in Firefox and will be removed. Please use RENDERER.
JavaScript warning: https://pagead2.googlesyndication.com/bg/xhloPt0V3HYDZqxMOCNqLI9Qa0-bNWhyd5ULBccPyWM.js line 2 > eval line 7363 > eval line 1 > eval line 1 > eval, line 1: WEBGL_debug_renderer_info is deprecated in Firefox and will be removed. Please use RENDERER.
JavaScript warning: https://pagead2.googlesyndication.com/bg/xhloPt0V3HYDZqxMOCNqLI9Qa0-bNWhyd5ULBccPyWM.js line 2 > eval line 2636 > eval line 1 > eval line 1 > eval, line 1: WEBGL_debug_renderer_info is deprecated in Firefox and will be removed. Please use RENDERER.
JavaScript warning: https://pagead2.googlesyndication.com/bg/xhloPt0V3HYDZqxMOCNqLI9Qa0-bNWhyd5ULBccPyWM.js line 2 > eval line 4399 > eval line 1 > eval line 1 > eval, line 1: WEBGL_debug_renderer_info is deprecated in Firefox and will be removed. Please use RENDERER.
Exiting due to channel error.
1736528408571	geckodriver	INFO	Listening on 127.0.0.1:56716
1736528411637	mozrunner::runner	INFO	Running command: "C:\\Program Files\\Mozilla Firefox\\firefox.exe" "--marionette" "--width=800" "--height=700" "--remote-debu ... 7" "--remote-allow-hosts" "localhost" "-no-remote" "-profile" "C:\\Users\\Aloos\\AppData\\Local\\Temp\\rust_mozprofileNZrz6y"
console.warn: services.settings: Ignoring preference override of remote settings server
console.warn: services.settings: Allow by setting MOZ_REMOTE_SETTINGS_DEVTOOLS=1 in the environment
Dynamically enable window occlusion 0
1736528412156	Marionette	INFO	Marionette enabled
console.error: "Warning: unrecognized command line flag" "-width"
console.error: "Warning: unrecognized command line flag" "-height"
1736528412295	Marionette	INFO	Listening on port 56729
WebDriver BiDi listening on ws://127.0.0.1:56717
Read port: 56729
1736528412459	RemoteAgent	WARN	TLS certificate errors will be ignored for this session
JavaScript warning: https://pagead2.googlesyndication.com/bg/xhloPt0V3HYDZqxMOCNqLI9Qa0-bNWhyd5ULBccPyWM.js line 2 > eval line 3765 > eval line 1 > eval line 1 > eval, line 1: WEBGL_debug_renderer_info is deprecated in Firefox and will be removed. Please use RENDERER.
JavaScript warning: https://pagead2.googlesyndication.com/bg/xhloPt0V3HYDZqxMOCNqLI9Qa0-bNWhyd5ULBccPyWM.js line 2 > eval line 7687 > eval line 1 > eval line 1 > eval, line 1: WEBGL_debug_renderer_info is deprecated in Firefox and will be removed. Please use RENDERER.
console.error: (new TypeError("NetworkError: Network request failed", "resource://services-settings/Utils.sys.mjs", 238))
JavaScript warning: https://zefoy.com/assets/b5bec944feca03b750c101ebcb5d6697.js?v=1732261388 line 181 > Function, line 4: Script terminated by timeout at:
anonymous@https://zefoy.com/assets/b5bec944feca03b750c101ebcb5d6697.js?v=1732261388 line 181 > Function:4:1
t@https://zefoy.com/assets/b5bec944feca03b750c101ebcb5d6697.js?v=1732261388:181:72
t@https://zefoy.com/assets/b5bec944feca03b750c101ebcb5d6697.js?v=1732261388:181:75
t@https://zefoy.com/assets/b5bec944feca03b750c101ebcb5d6697.js?v=1732261388:181:75
t@https://zefoy.com/assets/b5bec944feca03b750c101ebcb5d6697.js?v=1732261388:181:75
t@https://zefoy.com/assets/b5bec944feca03b750c101ebcb5d6697.js?v=1732261388:181:75
t@https://zefoy.com/assets/b5bec944feca03b750c101ebcb5d6697.js?v=1732261388:181:75
t@https://zefoy.com/assets/b5bec944feca03b750c101ebcb5d6697.js?v=1732261388:181:75
t@https://zefoy.com/assets/b5bec944feca03b750c101ebcb5d6697.js?v=1732261388:181:75
t@https://zefoy.com/assets/b5bec944feca03b750c101ebcb5d6697.js?v=1732261388:181:75
t@https://zefoy.com/assets/b5bec944feca03b750c101ebcb5d6697.js?v=1732261388:181:75
t@https://zefoy.com/assets/b5bec944feca03b750c101ebcb5d6697.js?v=1732261388:181:75
t@https://zefoy.com/assets/b5bec944feca03b750c101ebcb5d6697.js?v=1732261388:181:75
t@https://zefoy.com/assets/b5bec944feca03b750c101ebcb5d6697.js?v=1732261388:181:75
t@https://zefoy.com/assets/b5bec944feca03b750c101ebcb5d6697.js?v=1732261388:181:75
t@https://zefoy.com/assets/b5bec944feca03b750c101ebcb5d6697.js?v=1732261388:181:75
t@https://zefoy.com/assets/b5bec944feca03b750c101ebcb5d6697.js?v=1732261388:181:75
t@https://zefoy.com/assets/b5bec944feca03b750c101ebcb5d6697.js?v=1732261388:181:75
t@https://zefoy.com/assets/b5bec944feca03b750c101ebcb5d6697.js?v=1732261388:181:75
t@https://zefoy.com/assets/b5bec944feca03b750c101ebcb5d6697.js?v=1732261388:181:75
t@https://zefoy.com/assets/b5bec944feca03b750c101ebcb5d6697.js?v=1732261388:181:75
t@https://zefoy.com/assets/b5bec944feca03b750c101ebcb5d6697.js?v=1732261388:181:75
t@https://zefoy.com/assets/b5bec944feca03b750c101ebcb5d6697.js?v=1732261388:181:75
t@https://zefoy.com/assets/b5bec944feca03b750c101ebcb5d6697.js?v=1732261388:181:75
t@https://zefoy.com/assets/b5bec944feca03b750c101ebcb5d6697.js?v=1732261388:181:75
t@https://zefoy.com/assets/b5bec944feca03b750c101ebcb5d6697.js?v=1732261388:181:75
t@https://zefoy.com/assets/b5bec944feca03b750c101ebcb5d6697.js?v=1732261388:181:75
t@https://zefoy.com/assets/b5bec944feca03b750c101ebcb5d6697.js?v=1732261388:181:75
t@https://zefoy.com/assets/b5bec944feca03b750c101ebcb5d6697.js?v=1732261388:181:75
t@https://zefoy.com/assets/b5bec944feca03b750c101ebcb5d6697.js?v=1732261388:181:75
t@https://zefoy.com/assets/b5bec944feca03b750c101ebcb5d6697.js?v=1732261388:181:75
t@https://zefoy.com/assets/b5bec944feca03b750c101ebcb5d6697.js?v=1732261388:181:75
t@https://zefoy.com/assets/b5bec944feca03b750c101ebcb5d6697.js?v=1732261388:181:75
t@https://zefoy.com/assets/b5bec944feca03b750c101ebcb5d6697.js?v=1732261388:181:75
t@https://zefoy.com/assets/b5bec944feca03b750c101ebcb5d6697.js?v=1732261388:181:75
t@https://zefoy.com/assets/b5bec944feca03b750c101ebcb5d6697.js?v=1732261388:181:75
t@https://zefoy.com/assets/b5bec944feca03b750c101ebcb5d6697.js?v=1732261388:181:75
t@https://zefoy.com/assets/b5bec944feca03b750c101ebcb5d6697.js?v=1732261388:181:75
t@https://zefoy.com/assets/b5bec944feca03b750c101ebcb5d6697.js?v=1732261388:181:75
t@https://zefoy.com/assets/b5bec944feca03b750c101ebcb5d6697.js?v=1732261388:181:75
t@https://zefoy.com/assets/b5bec944feca03b750c101ebcb5d6697.js?v=1732261388:181:75
t@https://zefoy.com/assets/b5bec944feca03b750c101ebcb5d6697.js?v=1732261388:181:75
t@https://zefoy.com/assets/b5bec944feca03b750c101ebcb5d6697.js?v=1732261388:181:75
t@https://zefoy.com/assets/b5bec944feca03b750c101ebcb5d6697.js?v=1732261388:181:75
t@https://zefoy.com/assets/b5bec944feca03b750c101ebcb5d6697.js?v=1732261388:181:75
t@https://zefoy.com/assets/b5bec944feca03b750c101ebcb5d6697.js?v=1732261388:181:75
t@https://zefoy.com/assets/b5bec944feca03b750c101ebcb5d6697.js?v=1732261388:181:75
t@https://zefoy.com/assets/b5bec944feca03b750c101ebcb5d6697.js?v=1732261388:181:75
t@https://zefoy.com/assets/b5bec944feca03b750c101ebcb5d6697.js?v=1732261388:181:75
t@https://zefoy.com/assets/b5bec944feca03b750c101ebcb5d6697.js?v=1732261388:181:75
t@https://zefoy.com/assets/b5bec944feca03b750c101ebcb5d6697.js?v=1732261388:181:75
t@https://zefoy.com/assets/b5bec944feca03b750c101ebcb5d6697.js?v=1732261388:181:75
t@https://zefoy.com/assets/b5bec944feca03b750c101ebcb5d6697.js?v=1732261388:181:75
t@https://zefoy.com/assets/b5bec944feca03b750c101ebcb5d6697.js?v=1732261388:181:75
t@https://zefoy.com/assets/b5bec944feca03b750c101ebcb5d6697.js?v=1732261388:181:75
t@https://zefoy.com/assets/b5bec944feca03b750c101ebcb5d6697.js?v=1732261388:181:75
t@https://zefoy.com/assets/b5bec944feca03b750c101ebcb5d6697.js?v=1732261388:181:75
t@https://zefoy.com/assets/b5bec944feca03b750c101ebcb5d6697.js?v=1732261388:181:75
t@https://zefoy.com/assets/b5bec944feca03b750c101ebcb5d6697.js?v=1732261388:181:75
t@https://zefoy.com/assets/b5bec944feca03b750c101ebcb5d6697.js?v=1732261388:181:75
t@https://zefoy.com/assets/b5bec944feca03b750c101ebcb5d6697.js?v=1732261388:181:75
t@https://zefoy.com/assets/b5bec944feca03b750c101ebcb5d6697.js?v=1732261388:181:75
t@https://zefoy.com/assets/b5bec944feca03b750c101ebcb5d6697.js?v=1732261388:181:75
t@https://zefoy.com/assets/b5bec944feca03b750c101ebcb5d6697.js?v=1732261388:181:75
t@https://zefoy.com/assets/b5bec944feca03b750c101ebcb5d6697.js?v=1732261388:181:75
t@https://zefoy.com/assets/b5bec944feca03b750c101ebcb5d6697.js?v=1732261388:181:75
t@https://zefoy.com/assets/b5bec944feca03b750c101ebcb5d6697.js?v=1732261388:181:75
t@https://zefoy.com/assets/b5bec944feca03b750c101ebcb5d6697.js?v=1732261388:181:75
t@https://zefoy.com/assets/b5bec944feca03b750c101ebcb5d6697.js?v=1732261388:181:75
t@https://zefoy.com/assets/b5bec944feca03b750c101ebcb5d6697.js?v=1732261388:181:75
t@https://zefoy.com/assets/b5bec944feca03b750c101ebcb5d6697.js?v=1732261388:181:75
t@https://zefoy.com/assets/b5bec944feca03b750c101ebcb5d6697.js?v=1732261388:181:75
t@https://zefoy.com/assets/b5bec944feca03b750c101ebcb5d6697.js?v=1732261388:181:75
t@https://zefoy.com/assets/b5bec944feca03b750c101ebcb5d6697.js?v=1732261388:181:75
t@https://zefoy.com/assets/b5bec944feca03b750c101ebcb5d6697.js?v=1732261388:181:75
t@https://zefoy.com/assets/b5bec944feca03b750c101ebcb5d6697.js?v=1732261388:181:75
t@https://zefoy.com/assets/b5bec944feca03b750c101ebcb5d6697.js?v=1732261388:181:75
t@https://zefoy.com/assets/b5bec944feca03b750c101ebcb5d6697.js?v=1732261388:181:75
t@https://zefoy.com/assets/b5bec944feca03b750c101ebcb5d6697.js?v=1732261388:181:75
t@https://zefoy.com/assets/b5bec944feca03b750c101ebcb5d6697.js?v=1732261388:181:75
t@https://zefoy.com/assets/b5bec944feca03b750c101ebcb5d6697.js?v=1732261388:181:75
t@https://zefoy.com/assets/b5bec944feca03b750c101ebcb5d6697.js?v=1732261388:181:75
t@https://zefoy.com/assets/b5bec944feca03b750c101ebcb5d6697.js?v=1732261388:181:75
t@https://zefoy.com/assets/b5bec944feca03b750c101ebcb5d6697.js?v=1732261388:181:75
t@https://zefoy.com/assets/b5bec944feca03b750c101ebcb5d6697.js?v=1732261388:181:75
t@https://zefoy.com/assets/b5bec944feca03b750c101ebcb5d6697.js?v=1732261388:181:75
t@https://zefoy.com/assets/b5bec944feca03b750c101ebcb5d6697.js?v=1732261388:181:75
t@https://zefoy.com/assets/b5bec944feca03b750c101ebcb5d6697.js?v=1732261388:181:75
t@https://zefoy.com/assets/b5bec944feca03b750c101ebcb5d6697.js?v=1732261388:181:75
t@https://zefoy.com/assets/b5bec944feca03b750c101ebcb5d6697.js?v=1732261388:181:75
t@https://zefoy.com/assets/b5bec944feca03b750c101ebcb5d6697.js?v=1732261388:181:75
t@https://zefoy.com/assets/b5bec944feca03b750c101ebcb5d6697.js?v=1732261388:181:75
t@https://zefoy.com/assets/b5bec944feca03b750c101ebcb5d6697.js?v=1732261388:181:75
t@https://zefoy.com/assets/b5bec944feca03b750c101ebcb5d6697.js?v=1732261388:181:75
t@https://zefoy.com/assets/b5bec944feca03b750c101ebcb5d6697.js?v=1732261388:181:75
t@https://zefoy.com/assets/b5bec944feca03b750c101ebcb5d6697.js?v=1732261388:181:75
t@https://zefoy.com/assets/b5bec944feca03b750c101ebcb5d6697.js?v=1732261388:181:75
t@https://zefoy.com/assets/b5bec944feca03b750c101ebcb5d6697.js?v=1732261388:181:75
t@https://zefoy.com/assets/b5bec944feca03b750c101ebcb5d6697.js?v=1732261388:181:75
t@https://zefoy.com/assets/b5bec944feca03b750c101ebcb5d6697.js?v=1732261388:181:75
t@https://zefoy.com/assets/b5bec944feca03b750c101ebcb5d6697.js?v=1732261388:181:75
t@https://zefoy.com/assets/b5bec944feca03b750c101ebcb5d6697.js?v=1732261388:181:75
t@https://zefoy.com/assets/b5bec944feca03b750c101ebcb5d6697.js?v=1732261388:181:75
t@https://zefoy.com/assets/b5bec944feca03b750c101ebcb5d6697.js?v=1732261388:181:75
t@https://zefoy.com/assets/b5bec944feca03b750c101ebcb5d6697.js?v=1732261388:181:75
t@https://zefoy.com/assets/b5bec944feca03b750c101ebcb5d6697.js?v=1732261388:181:75
t@https://zefoy.com/assets/b5bec944feca03b750c101ebcb5d6697.js?v=1732261388:181:75
t@https://zefoy.com/assets/b5bec944feca03b750c101ebcb5d6697.js?v=1732261388:181:75
t@https://zefoy.com/assets/b5bec944feca03b750c101ebcb5d6697.js?v=1732261388:181:75
t@https://zefoy.com/assets/b5bec944feca03b750c101ebcb5d6697.js?v=1732261388:181:75
t@https://zefoy.com/assets/b5bec944feca03b750c101ebcb5d6697.js?v=1732261388:181:75
t@https://zefoy.com/assets/b5bec944feca03b750c101ebcb5d6697.js?v=1732261388:181:75
t@https://zefoy.com/assets/b5bec944feca03b750c101ebcb5d6697.js?v=1732261388:181:75
t@https://zefoy.com/assets/b5bec944feca03b750c101ebcb5d6697.js?v=1732261388:181:75
t@https://zefoy.com/assets/b5bec944feca03b750c101ebcb5d6697.js?v=1732261388:181:75
t@https://zefoy.com/assets/b5bec944feca03b750c101ebcb5d6697.js?v=1732261388:181:75
t@https://zefoy.com/assets/b5bec944feca03b750c101ebcb5d6697.js?v=1732261388:181:75
t@https://zefoy.com/assets/b5bec944feca03b750c101ebcb5d6697.js?v=1732261388:181:75
t@https://zefoy.com/assets/b5bec944feca03b750c101ebcb5d6697.js?v=1732261388:181:75
t@https://zefoy.com/assets/b5bec944feca03b750c101ebcb5d6697.js?v=1732261388:181:75
t@https://zefoy.com/assets/b5bec944feca03b750c101ebcb5d6697.js?v=1732261388:181:75
t@https://zefoy.com/assets/b5bec944feca03b750c101ebcb5d6697.js?v=1732261388:181:75
t@https://zefoy.com/assets/b5bec944feca03b750c101ebcb5d6697.js?v=1732261388:181:75
t@https://zefoy.com/assets/b5bec944feca03b750c101ebcb5d6697.js?v=1732261388:181:75
t@https://zefoy.com/assets/b5bec944feca03b750c101ebcb5d6697.js?v=1732261388:181:75
t@https://zefoy.com/assets/b5bec944feca03b750c101ebcb5d6697.js?v=1732261388:181:75
t@https://zefoy.com/assets/b5bec944feca03b750c101ebcb5d6697.js?v=1732261388:181:75
t@https://zefoy.com/assets/b5bec944feca03b750c101ebcb5d6697.js?v=1732261388:181:75

1736538324030	Marionette	INFO	Stopped listening on port 56729
Dynamically enable window occlusion 1
console.error: "Failed to fetch https://spocs.getpocket.com/user:" "NetworkError when attempting to fetch resource."
console.warn: TopSitesFeed: Failed to fetch data from Contile server: NetworkError when attempting to fetch resource.
console.error: ({})
console.error: ({})
1736618200698	geckodriver	INFO	Listening on 127.0.0.1:50221
1736618203735	mozrunner::runner	INFO	Running command: "C:\\Program Files\\Mozilla Firefox\\firefox.exe" "--marionette" "--width=800" "--height=700" "--remote-debu ... 2" "--remote-allow-hosts" "localhost" "-no-remote" "-profile" "C:\\Users\\Aloos\\AppData\\Local\\Temp\\rust_mozprofileRl9AfS"
console.warn: services.settings: Ignoring preference override of remote settings server
console.warn: services.settings: Allow by setting MOZ_REMOTE_SETTINGS_DEVTOOLS=1 in the environment
Dynamically enable window occlusion 0
1736618204842	Marionette	INFO	Marionette enabled
console.error: "Warning: unrecognized command line flag" "-width"
console.error: "Warning: unrecognized command line flag" "-height"
1736618205073	Marionette	INFO	Listening on port 50249
Read port: 50249
WebDriver BiDi listening on ws://127.0.0.1:50222
1736618205155	RemoteAgent	WARN	TLS certificate errors will be ignored for this session
JavaScript warning: https://pagead2.googlesyndication.com/bg/-ZrLev80KaSl5LH5OCbnZGHu6yLSb3tRGuwaxGVnUsM.js line 2 > eval line 4797 > eval line 1 > eval line 1 > eval, line 1: WEBGL_debug_renderer_info is deprecated in Firefox and will be removed. Please use RENDERER.
JavaScript warning: https://pagead2.googlesyndication.com/bg/-ZrLev80KaSl5LH5OCbnZGHu6yLSb3tRGuwaxGVnUsM.js line 2 > eval line 4086 > eval line 1 > eval line 1 > eval, line 1: WEBGL_debug_renderer_info is deprecated in Firefox and will be removed. Please use RENDERER.
Exiting due to channel error.
Exiting due to channel error.
Exiting due to channel error.
Exiting due to channel error.
1736618247683	geckodriver	INFO	Listening on 127.0.0.1:50548
1736618250728	mozrunner::runner	INFO	Running command: "C:\\Program Files\\Mozilla Firefox\\firefox.exe" "--marionette" "--width=800" "--height=700" "--remote-debu ... 9" "--remote-allow-hosts" "localhost" "-no-remote" "-profile" "C:\\Users\\Aloos\\AppData\\Local\\Temp\\rust_mozprofileYAsMXN"
console.warn: services.settings: Ignoring preference override of remote settings server
console.warn: services.settings: Allow by setting MOZ_REMOTE_SETTINGS_DEVTOOLS=1 in the environment
Dynamically enable window occlusion 0
1736618251402	Marionette	INFO	Marionette enabled
console.error: "Warning: unrecognized command line flag" "-width"
console.error: "Warning: unrecognized command line flag" "-height"
1736618251655	Marionette	INFO	Listening on port 50592
WebDriver BiDi listening on ws://127.0.0.1:50549
Read port: 50592
1736618252099	RemoteAgent	WARN	TLS certificate errors will be ignored for this session
JavaScript warning: https://pagead2.googlesyndication.com/bg/-ZrLev80KaSl5LH5OCbnZGHu6yLSb3tRGuwaxGVnUsM.js line 2 > eval line 1369 > eval line 1 > eval line 1 > eval, line 1: WEBGL_debug_renderer_info is deprecated in Firefox and will be removed. Please use RENDERER.
JavaScript warning: https://pagead2.googlesyndication.com/bg/-ZrLev80KaSl5LH5OCbnZGHu6yLSb3tRGuwaxGVnUsM.js line 2 > eval line 562 > eval line 1 > eval line 1 > eval, line 1: WEBGL_debug_renderer_info is deprecated in Firefox and will be removed. Please use RENDERER.
Exiting due to channel error.
1736618276740	geckodriver	INFO	Listening on 127.0.0.1:50832
1736618279788	mozrunner::runner	INFO	Running command: "C:\\Program Files\\Mozilla Firefox\\firefox.exe" "--marionette" "--width=800" "--height=700" "--remote-debu ... 3" "--remote-allow-hosts" "localhost" "-no-remote" "-profile" "C:\\Users\\Aloos\\AppData\\Local\\Temp\\rust_mozprofilepnWp6k"
console.warn: services.settings: Ignoring preference override of remote settings server
console.warn: services.settings: Allow by setting MOZ_REMOTE_SETTINGS_DEVTOOLS=1 in the environment
Dynamically enable window occlusion 0
1736618280272	Marionette	INFO	Marionette enabled
console.error: "Warning: unrecognized command line flag" "-width"
console.error: "Warning: unrecognized command line flag" "-height"
1736618280491	Marionette	INFO	Listening on port 50844
WebDriver BiDi listening on ws://127.0.0.1:50833
Read port: 50844
1736618280652	RemoteAgent	WARN	TLS certificate errors will be ignored for this session
JavaScript warning: https://pagead2.googlesyndication.com/bg/-ZrLev80KaSl5LH5OCbnZGHu6yLSb3tRGuwaxGVnUsM.js line 2 > eval line 6615 > eval line 1 > eval line 1 > eval, line 1: WEBGL_debug_renderer_info is deprecated in Firefox and will be removed. Please use RENDERER.
Exiting due to channel error.
1736618300358	geckodriver	INFO	Listening on 127.0.0.1:50987
1736618303413	mozrunner::runner	INFO	Running command: "C:\\Program Files\\Mozilla Firefox\\firefox.exe" "--marionette" "--width=800" "--height=700" "--remote-debu ... 8" "--remote-allow-hosts" "localhost" "-no-remote" "-profile" "C:\\Users\\Aloos\\AppData\\Local\\Temp\\rust_mozprofileyuN6iJ"
console.warn: services.settings: Ignoring preference override of remote settings server
console.warn: services.settings: Allow by setting MOZ_REMOTE_SETTINGS_DEVTOOLS=1 in the environment
Dynamically enable window occlusion 0
1736618303763	Marionette	INFO	Marionette enabled
console.error: "Warning: unrecognized command line flag" "-width"
console.error: "Warning: unrecognized command line flag" "-height"
1736618303883	Marionette	INFO	Listening on port 51000
WebDriver BiDi listening on ws://127.0.0.1:50988
Read port: 51000
1736618304061	RemoteAgent	WARN	TLS certificate errors will be ignored for this session
JavaScript warning: https://pagead2.googlesyndication.com/bg/-ZrLev80KaSl5LH5OCbnZGHu6yLSb3tRGuwaxGVnUsM.js line 2 > eval line 4268 > eval line 1 > eval line 1 > eval, line 1: WEBGL_debug_renderer_info is deprecated in Firefox and will be removed. Please use RENDERER.
Exiting due to channel error.
Exiting due to channel error.
Exiting due to channel error.
1736618323569	geckodriver	INFO	Listening on 127.0.0.1:51130
1736618326615	mozrunner::runner	INFO	Running command: "C:\\Program Files\\Mozilla Firefox\\firefox.exe" "--marionette" "--width=800" "--height=700" "--remote-debu ... 1" "--remote-allow-hosts" "localhost" "-no-remote" "-profile" "C:\\Users\\Aloos\\AppData\\Local\\Temp\\rust_mozprofileo5Vl4J"
console.warn: services.settings: Ignoring preference override of remote settings server
console.warn: services.settings: Allow by setting MOZ_REMOTE_SETTINGS_DEVTOOLS=1 in the environment
Dynamically enable window occlusion 0
1736618326955	Marionette	INFO	Marionette enabled
console.error: "Warning: unrecognized command line flag" "-width"
console.error: "Warning: unrecognized command line flag" "-height"
1736618327071	Marionette	INFO	Listening on port 51159
WebDriver BiDi listening on ws://127.0.0.1:51131
Read port: 51159
1736618327182	RemoteAgent	WARN	TLS certificate errors will be ignored for this session
JavaScript warning: https://pagead2.googlesyndication.com/bg/-ZrLev80KaSl5LH5OCbnZGHu6yLSb3tRGuwaxGVnUsM.js line 2 > eval line 4012 > eval line 1 > eval line 1 > eval, line 1: WEBGL_debug_renderer_info is deprecated in Firefox and will be removed. Please use RENDERER.
JavaScript warning: https://pagead2.googlesyndication.com/bg/-ZrLev80KaSl5LH5OCbnZGHu6yLSb3tRGuwaxGVnUsM.js line 2 > eval line 4002 > eval line 1 > eval line 1 > eval, line 1: WEBGL_debug_renderer_info is deprecated in Firefox and will be removed. Please use RENDERER.
JavaScript warning: resource://devtools/server/actors/inspector/event-collector.js, line 542: debuggee 'https://cdnjs.cloudflare.com/ajax/libs/jquery/3.6.4/jquery.min.js:2' would run
JavaScript error: , line 0: NotFoundError: No such JSProcessActor 'DevToolsProcess'
JavaScript error: , line 0: NotFoundError: No such JSProcessActor 'DevToolsProcess'
JavaScript error: , line 0: NotFoundError: No such JSProcessActor 'DevToolsProcess'
JavaScript error: , line 0: NotFoundError: No such JSProcessActor 'DevToolsProcess'
JavaScript error: , line 0: NotFoundError: No such JSProcessActor 'DevToolsProcess'
JavaScript error: , line 0: NotFoundError: No such JSProcessActor 'DevToolsProcess'
JavaScript error: , line 0: NotFoundError: No such JSProcessActor 'DevToolsProcess'
JavaScript error: , line 0: NotFoundError: No such JSProcessActor 'DevToolsProcess'
JavaScript error: , line 0: NotFoundError: No such JSProcessActor 'DevToolsProcess'
JavaScript error: , line 0: NotFoundError: No such JSProcessActor 'DevToolsProcess'
JavaScript error: , line 0: NotFoundError: No such JSProcessActor 'DevToolsProcess'
JavaScript error: , line 0: NotFoundError: No such JSProcessActor 'DevToolsProcess'
JavaScript error: , line 0: NotFoundError: No such JSProcessActor 'DevToolsProcess'
JavaScript error: , line 0: NotFoundError: No such JSProcessActor 'DevToolsProcess'
JavaScript error: , line 0: NotFoundError: No such JSProcessActor 'DevToolsProcess'
JavaScript error: , line 0: NotFoundError: No such JSProcessActor 'DevToolsProcess'
JavaScript error: , line 0: NotFoundError: No such JSProcessActor 'DevToolsProcess'
JavaScript error: , line 0: NotFoundError: No such JSProcessActor 'DevToolsProcess'
JavaScript error: , line 0: NotFoundError: No such JSProcessActor 'DevToolsProcess'
1736620030928	geckodriver	INFO	Listening on 127.0.0.1:51010
1736620033964	mozrunner::runner	INFO	Running command: "C:\\Program Files\\Mozilla Firefox\\firefox.exe" "--marionette" "--width=800" "--height=700" "--remote-debu ... 1" "--remote-allow-hosts" "localhost" "-no-remote" "-profile" "C:\\Users\\Aloos\\AppData\\Local\\Temp\\rust_mozprofileD7u1kl"
console.warn: services.settings: Ignoring preference override of remote settings server
console.warn: services.settings: Allow by setting MOZ_REMOTE_SETTINGS_DEVTOOLS=1 in the environment
Dynamically enable window occlusion 0
1736620034416	Marionette	INFO	Marionette enabled
console.error: "Warning: unrecognized command line flag" "-width"
console.error: "Warning: unrecognized command line flag" "-height"
1736620034581	Marionette	INFO	Listening on port 51024
WebDriver BiDi listening on ws://127.0.0.1:51011
Read port: 51024
1736620034760	RemoteAgent	WARN	TLS certificate errors will be ignored for this session
JavaScript warning: https://pagead2.googlesyndication.com/bg/-ZrLev80KaSl5LH5OCbnZGHu6yLSb3tRGuwaxGVnUsM.js line 2 > eval line 2001 > eval line 1 > eval line 1 > eval, line 1: WEBGL_debug_renderer_info is deprecated in Firefox and will be removed. Please use RENDERER.
Exiting due to channel error.
Exiting due to channel error.
Exiting due to channel error.
Exiting due to channel error.
1736620118065	geckodriver	INFO	Listening on 127.0.0.1:51189
1736620121084	mozrunner::runner	INFO	Running command: "C:\\Program Files\\Mozilla Firefox\\firefox.exe" "--marionette" "--width=800" "--height=700" "--remote-debu ... 0" "--remote-allow-hosts" "localhost" "-no-remote" "-profile" "C:\\Users\\Aloos\\AppData\\Local\\Temp\\rust_mozprofilel4LucS"
console.warn: services.settings: Ignoring preference override of remote settings server
console.warn: services.settings: Allow by setting MOZ_REMOTE_SETTINGS_DEVTOOLS=1 in the environment
Dynamically enable window occlusion 0
1736620121516	Marionette	INFO	Marionette enabled
console.error: "Warning: unrecognized command line flag" "-width"
console.error: "Warning: unrecognized command line flag" "-height"
1736620121667	Marionette	INFO	Listening on port 51199
WebDriver BiDi listening on ws://127.0.0.1:51190
Read port: 51199
1736620121843	RemoteAgent	WARN	TLS certificate errors will be ignored for this session
JavaScript warning: https://pagead2.googlesyndication.com/bg/-ZrLev80KaSl5LH5OCbnZGHu6yLSb3tRGuwaxGVnUsM.js line 2 > eval line 2678 > eval line 1 > eval line 1 > eval, line 1: WEBGL_debug_renderer_info is deprecated in Firefox and will be removed. Please use RENDERER.
JavaScript warning: https://pagead2.googlesyndication.com/bg/-ZrLev80KaSl5LH5OCbnZGHu6yLSb3tRGuwaxGVnUsM.js line 2 > eval line 4430 > eval line 1 > eval line 1 > eval, line 1: WEBGL_debug_renderer_info is deprecated in Firefox and will be removed. Please use RENDERER.
Exiting due to channel error.
1736620146423	geckodriver	INFO	Listening on 127.0.0.1:51257
1736620149457	mozrunner::runner	INFO	Running command: "C:\\Program Files\\Mozilla Firefox\\firefox.exe" "--marionette" "--width=800" "--height=700" "--remote-debu ... 8" "--remote-allow-hosts" "localhost" "-no-remote" "-profile" "C:\\Users\\Aloos\\AppData\\Local\\Temp\\rust_mozprofile5wLnQn"
console.warn: services.settings: Ignoring preference override of remote settings server
console.warn: services.settings: Allow by setting MOZ_REMOTE_SETTINGS_DEVTOOLS=1 in the environment
Dynamically enable window occlusion 0
1736620149836	Marionette	INFO	Marionette enabled
console.error: "Warning: unrecognized command line flag" "-width"
console.error: "Warning: unrecognized command line flag" "-height"
1736620150032	Marionette	INFO	Listening on port 51268
WebDriver BiDi listening on ws://127.0.0.1:51258
Read port: 51268
1736620150193	RemoteAgent	WARN	TLS certificate errors will be ignored for this session
JavaScript warning: https://pagead2.googlesyndication.com/bg/-ZrLev80KaSl5LH5OCbnZGHu6yLSb3tRGuwaxGVnUsM.js line 2 > eval line 7133 > eval line 1 > eval line 1 > eval, line 1: WEBGL_debug_renderer_info is deprecated in Firefox and will be removed. Please use RENDERER.
JavaScript warning: https://pagead2.googlesyndication.com/bg/-ZrLev80KaSl5LH5OCbnZGHu6yLSb3tRGuwaxGVnUsM.js line 2 > eval line 7516 > eval line 1 > eval line 1 > eval, line 1: WEBGL_debug_renderer_info is deprecated in Firefox and will be removed. Please use RENDERER.
Exiting due to channel error.
Exiting due to channel error.
Exiting due to channel error.
Exiting due to channel error.
Exiting due to channel error.
1736620215128	geckodriver	INFO	Listening on 127.0.0.1:51395
1736620218151	mozrunner::runner	INFO	Running command: "C:\\Program Files\\Mozilla Firefox\\firefox.exe" "--marionette" "--width=800" "--height=700" "--remote-debu ... 6" "--remote-allow-hosts" "localhost" "-no-remote" "-profile" "C:\\Users\\Aloos\\AppData\\Local\\Temp\\rust_mozprofilerPX91M"
console.warn: services.settings: Ignoring preference override of remote settings server
console.warn: services.settings: Allow by setting MOZ_REMOTE_SETTINGS_DEVTOOLS=1 in the environment
Dynamically enable window occlusion 0
1736620218584	Marionette	INFO	Marionette enabled
console.error: "Warning: unrecognized command line flag" "-width"
console.error: "Warning: unrecognized command line flag" "-height"
1736620218795	Marionette	INFO	Listening on port 51408
WebDriver BiDi listening on ws://127.0.0.1:51396
Read port: 51408
1736620218949	RemoteAgent	WARN	TLS certificate errors will be ignored for this session
JavaScript warning: https://pagead2.googlesyndication.com/bg/-ZrLev80KaSl5LH5OCbnZGHu6yLSb3tRGuwaxGVnUsM.js line 2 > eval line 808 > eval line 1 > eval line 1 > eval, line 1: WEBGL_debug_renderer_info is deprecated in Firefox and will be removed. Please use RENDERER.
JavaScript warning: https://pagead2.googlesyndication.com/bg/-ZrLev80KaSl5LH5OCbnZGHu6yLSb3tRGuwaxGVnUsM.js line 2 > eval line 6497 > eval line 1 > eval line 1 > eval, line 1: WEBGL_debug_renderer_info is deprecated in Firefox and will be removed. Please use RENDERER.
Exiting due to channel error.
Exiting due to channel error.
1736620346609	geckodriver	INFO	Listening on 127.0.0.1:51561
1736620349646	mozrunner::runner	INFO	Running command: "C:\\Program Files\\Mozilla Firefox\\firefox.exe" "--marionette" "--width=800" "--height=700" "--remote-debu ... 2" "--remote-allow-hosts" "localhost" "-no-remote" "-profile" "C:\\Users\\Aloos\\AppData\\Local\\Temp\\rust_mozprofileuCu0NE"
console.warn: services.settings: Ignoring preference override of remote settings server
console.warn: services.settings: Allow by setting MOZ_REMOTE_SETTINGS_DEVTOOLS=1 in the environment
Dynamically enable window occlusion 0
1736620350568	Marionette	INFO	Marionette enabled
console.error: "Warning: unrecognized command line flag" "-width"
console.error: "Warning: unrecognized command line flag" "-height"
1736620350860	Marionette	INFO	Listening on port 51570
Read port: 51570
WebDriver BiDi listening on ws://127.0.0.1:51562
1736620351034	RemoteAgent	WARN	TLS certificate errors will be ignored for this session
JavaScript warning: https://pagead2.googlesyndication.com/bg/-ZrLev80KaSl5LH5OCbnZGHu6yLSb3tRGuwaxGVnUsM.js line 2 > eval line 4551 > eval line 1 > eval line 1 > eval, line 1: WEBGL_debug_renderer_info is deprecated in Firefox and will be removed. Please use RENDERER.
JavaScript warning: https://pagead2.googlesyndication.com/bg/-ZrLev80KaSl5LH5OCbnZGHu6yLSb3tRGuwaxGVnUsM.js line 2 > eval line 7646 > eval line 1 > eval line 1 > eval, line 1: WEBGL_debug_renderer_info is deprecated in Firefox and will be removed. Please use RENDERER.
Exiting due to channel error.
Exiting due to channel error.
Exiting due to channel error.
1736620550786	geckodriver	INFO	Listening on 127.0.0.1:51738
1736620553821	mozrunner::runner	INFO	Running command: "C:\\Program Files\\Mozilla Firefox\\firefox.exe" "--marionette" "--width=800" "--height=700" "--remote-debu ... 9" "--remote-allow-hosts" "localhost" "-no-remote" "-profile" "C:\\Users\\Aloos\\AppData\\Local\\Temp\\rust_mozprofileB2fbFL"
console.warn: services.settings: Ignoring preference override of remote settings server
console.warn: services.settings: Allow by setting MOZ_REMOTE_SETTINGS_DEVTOOLS=1 in the environment
Dynamically enable window occlusion 0
1736620554843	Marionette	INFO	Marionette enabled
console.error: "Warning: unrecognized command line flag" "-width"
console.error: "Warning: unrecognized command line flag" "-height"
1736620555145	Marionette	INFO	Listening on port 51761
Read port: 51761
WebDriver BiDi listening on ws://127.0.0.1:51739
1736620555285	RemoteAgent	WARN	TLS certificate errors will be ignored for this session
JavaScript warning: https://pagead2.googlesyndication.com/bg/-ZrLev80KaSl5LH5OCbnZGHu6yLSb3tRGuwaxGVnUsM.js line 2 > eval line 4172 > eval line 1 > eval line 1 > eval, line 1: WEBGL_debug_renderer_info is deprecated in Firefox and will be removed. Please use RENDERER.
Exiting due to channel error.
Exiting due to channel error.
Exiting due to channel error.
Exiting due to channel error.
